[12:18:02 PM] [info] Engine started
Engine started (PID: 11860)
  Project: OfficeAgent (C:\Users\yemishin\OfficeAgent)
  Project: office-bohemia (C:\Users\yemishin\office-bohemia)
  Project: bebop-desktop (C:\Users\yemishin\bebop-desktop)
  Project: augloop-workflows (C:\Users\yemishin\augloop-workflows)
  Project: 1JS (C:\Users\yemishin\1JS)
WARN: Project "bebop-desktop" missing repositoryId — PR operations will fail
WARN: Project "1JS" missing repositoryId — PR operations will fail
[12:18:02 PM] [info] Loaded 13 cooldowns from disk
[12:18:02 PM] [info] Queued dispatch: ripley-explore-1773515882371 (explore → ripley)
[12:18:02 PM] [info] Queued dispatch: ripley-plan-1773515882381 (plan → ripley)
[12:18:02 PM] [info] Queued dispatch: ripley-ask-1773515882390 (ask → ripley)
[12:18:02 PM] [info] Queued dispatch: ripley-explore-1773515882401 (explore → ripley)
[12:18:02 PM] [info] Discovered 4 new work items: 0 fixes, 0 reviews, 0 implements, 0 work-items
[12:18:02 PM] [info] Spawning agent: ripley (ripley-ask-1773515882390) in C:\Users\yemishin
[12:18:02 PM] [info] Task type: ask | Branch: none
[12:18:02 PM] [info] Agent process started: PID 41924
[12:18:02 PM] [info] Spawning agent: ripley (ripley-plan-1773515882381) in C:\Users\yemishin
[12:18:02 PM] [info] Task type: plan | Branch: none
[12:18:02 PM] [info] Agent process started: PID 34376
[12:18:02 PM] [info] Spawning agent: ripley (ripley-explore-1773515882371) in C:\Users\yemishin
[12:18:02 PM] [info] Task type: explore | Branch: none
[12:18:02 PM] [info] Agent process started: PID 31820
[12:18:02 PM] [info] Spawning agent: ripley (ripley-explore-1773515882401) in C:\Users\yemishin
[12:18:02 PM] [info] Task type: explore | Branch: none
[12:18:02 PM] [info] Agent process started: PID 45780
Tick interval: 30s | Max concurrent: 4
Press Ctrl+C to stop
[12:18:07 PM] [info] Agent ripley verified via PID file: 46424
[12:18:07 PM] [info] Agent ripley verified via PID file: 41116
[12:18:07 PM] [info] Agent ripley verified via PID file: 38480
[12:18:07 PM] [info] Agent ripley verified via PID file: 42448
[12:18:32 PM] [info] At max concurrency (4/4) — skipping dispatch
[12:19:02 PM] [info] At max concurrency (4/4) — skipping dispatch
[12:19:32 PM] [info] At max concurrency (4/4) — skipping dispatch
[12:20:04 PM] [info] At max concurrency (4/4) — skipping dispatch
[12:20:48 PM] [warn] Failed to get ADO token: spawnSync C:\Windows\system32\cmd.exe ETIMEDOUT
[12:20:48 PM] [warn] Skipping PR status poll — no ADO token available
[12:20:48 PM] [info] At max concurrency (4/4) — skipping dispatch
[12:21:03 PM] [info] At max concurrency (4/4) — skipping dispatch
[12:21:28 PM] [info] Agent ripley (ripley-ask-1773515882390) exited with code 0
[12:21:28 PM] [info] Completed dispatch: ripley-ask-1773515882390 (success)
[12:21:28 PM] [info] Work item W021 → done
[12:21:28 PM] [info] Ripley wrote 2 finding(s) to inbox
[12:21:28 PM] [info] Updated history for ripley
C:\Users\yemishin\.squad\engine.js:826
    log('info', `Agent ${agentId} completed. Output saved to ${outputPath}`);
                                                               ^

ReferenceError: outputPath is not defined
    at ChildProcess.<anonymous> (C:\Users\yemishin\.squad\engine.js:826:64)
    at ChildProcess.emit (node:events:508:28)
    at maybeClose (node:internal/child_process:1101:16)
    at ChildProcess._handle.onexit (node:internal/child_process:305:5)

Node.js v24.11.0
